c:\users\dima\documents\visual studio 2013\projects\mde\mde\debug\vc120.pdb
c:\users\dima\documents\visual studio 2013\projects\mde\mde\debug\vc120.idb
c:\users\dima\documents\visual studio 2013\projects\mde\mde\debug\source.obj
c:\users\joonas\documents\github\magic-dungeon-epidemic\mde\debug\vc120.pdb
c:\users\joonas\documents\github\magic-dungeon-epidemic\mde\debug\vc120.idb
c:\users\joonas\documents\github\magic-dungeon-epidemic\mde\debug\readfile.obj
c:\users\joonas\documents\github\magic-dungeon-epidemic\mde\debug\readstring.obj
c:\users\joonas\documents\github\magic-dungeon-epidemic\mde\debug\rng.obj
c:\users\joonas\documents\github\magic-dungeon-epidemic\mde\debug\sound_play.obj
c:\users\joonas\documents\github\magic-dungeon-epidemic\mde\debug\writefile.obj
c:\users\dima\documents\visual studio 2013\projects\mde\debug\mde.ilk
c:\users\dima\documents\visual studio 2013\projects\mde\debug\mde.exe
c:\users\dima\documents\visual studio 2013\projects\mde\debug\mde.pdb
c:\users\joonas\documents\github\magic-dungeon-epidemic\mde\debug\source.obj
c:\users\joonas\documents\github\magic-dungeon-epidemic\debug\mde.pdb
c:\users\joonas\documents\github\magic-dungeon-epidemic\debug\mde.exe
c:\users\joonas\documents\github\magic-dungeon-epidemic\debug\mde.ilk
c:\users\joonas\documents\github\magic-dungeon-epidemic\mde\debug\mde.tlog\cl.command.1.tlog
c:\users\joonas\documents\github\magic-dungeon-epidemic\mde\debug\mde.tlog\cl.read.1.tlog
c:\users\joonas\documents\github\magic-dungeon-epidemic\mde\debug\mde.tlog\cl.write.1.tlog
c:\users\joonas\documents\github\magic-dungeon-epidemic\mde\debug\mde.tlog\link.command.1.tlog
c:\users\joonas\documents\github\magic-dungeon-epidemic\mde\debug\mde.tlog\link.read.1.tlog
c:\users\joonas\documents\github\magic-dungeon-epidemic\mde\debug\mde.tlog\link.write.1.tlog
