Build started 11.11.2014 11:34:51.
     1>Project "C:\Users\Joonas\Documents\GitHub\Magic-Dungeon-Epidemic\MDE\MDE.vcxproj" on node 2 (Build target(s)).
     1>ClCompile:
         C:\Program Files (x86)\Microsoft Visual Studio 12.0\VC\bin\CL.exe /c /ZI /nologo /W3 /WX- /sdl /Od /Oy- /D _MBCS /Gm /EHsc /RTC1 /MDd /GS /fp:precise /Zc:wchar_t /Zc:forScope /Fo"Debug\\" /Fd"Debug\vc120.pdb" /Gd /TP /analyze- /errorReport:prompt ArtificialIntelligence.cpp Battle.cpp BattleHandler.cpp Building.cpp BuildingFactory.cpp BuildingManager.cpp camera.cpp Character.cpp EnemyFactory.cpp Controls.cpp enemy.cpp EnemyGen.cpp EnemyManager.cpp Game.cpp Goblin.cpp Inventory.cpp Item.cpp ItemRenderer.cpp main.cpp Manager.cpp Map.cpp PlaceItemsAndEnemies.cpp player.cpp PlayerManager.cpp ReadFile.cpp ReadString.cpp RNG.cpp sound_play.cpp StoneTower.cpp TextTexture.cpp Texture.cpp Window.cpp WriteFile.cpp
         WriteFile.cpp
         Window.cpp
     1>c:\users\joonas\documents\github\magic-dungeon-epidemic\mde\window.h(3): fatal error C1083: Cannot open include file: 'SDL.h': No such file or directory
         Texture.cpp
     1>c:\users\joonas\documents\github\magic-dungeon-epidemic\mde\texture.h(3): fatal error C1083: Cannot open include file: 'SDL.h': No such file or directory
         TextTexture.cpp
     1>c:\users\joonas\documents\github\magic-dungeon-epidemic\mde\texture.h(3): fatal error C1083: Cannot open include file: 'SDL.h': No such file or directory
         StoneTower.cpp
     1>c:\users\joonas\documents\github\magic-dungeon-epidemic\mde\stonetower.cpp(1): warning C4067: unexpected tokens following preprocessor directive - expected a newline
     1>c:\users\joonas\documents\github\magic-dungeon-epidemic\mde\texture.h(3): fatal error C1083: Cannot open include file: 'SDL.h': No such file or directory
         sound_play.cpp
         RNG.cpp
     1>c:\users\joonas\documents\github\magic-dungeon-epidemic\mde\rng.cpp(10): warning C4244: 'argument' : conversion from 'std::chrono::system_clock::rep' to 'unsigned int', possible loss of data
         ReadString.cpp
         ReadFile.cpp
         PlayerManager.cpp
     1>c:\users\joonas\documents\github\magic-dungeon-epidemic\mde\item.h(5): fatal error C1083: Cannot open include file: 'SDL.h': No such file or directory
         player.cpp
     1>c:\users\joonas\documents\github\magic-dungeon-epidemic\mde\item.h(5): fatal error C1083: Cannot open include file: 'SDL.h': No such file or directory
         PlaceItemsAndEnemies.cpp
     1>c:\users\joonas\documents\github\magic-dungeon-epidemic\mde\item.h(5): fatal error C1083: Cannot open include file: 'SDL.h': No such file or directory
         Map.cpp
     1>c:\users\joonas\documents\github\magic-dungeon-epidemic\mde\map.h(6): fatal error C1083: Cannot open include file: 'SDL.h': No such file or directory
         Manager.cpp
     1>c:\users\joonas\documents\github\magic-dungeon-epidemic\mde\item.h(5): fatal error C1083: Cannot open include file: 'SDL.h': No such file or directory
         main.cpp
     1>c:\users\joonas\documents\github\magic-dungeon-epidemic\mde\game.h(3): fatal error C1083: Cannot open include file: 'SDL.h': No such file or directory
         ItemRenderer.cpp
     1>c:\users\joonas\documents\github\magic-dungeon-epidemic\mde\item.h(5): fatal error C1083: Cannot open include file: 'SDL.h': No such file or directory
         Item.cpp
     1>c:\users\joonas\documents\github\magic-dungeon-epidemic\mde\item.h(5): fatal error C1083: Cannot open include file: 'SDL.h': No such file or directory
         Inventory.cpp
     1>c:\users\joonas\documents\github\magic-dungeon-epidemic\mde\inventory.h(6): fatal error C1083: Cannot open include file: 'SDL.h': No such file or directory
         Goblin.cpp
     1>c:\users\joonas\documents\github\magic-dungeon-epidemic\mde\item.h(5): fatal error C1083: Cannot open include file: 'SDL.h': No such file or directory
         Game.cpp
     1>c:\users\joonas\documents\github\magic-dungeon-epidemic\mde\game.h(3): fatal error C1083: Cannot open include file: 'SDL.h': No such file or directory
         Generating Code...
     1>c:\users\joonas\documents\github\magic-dungeon-epidemic\mde\readfile.cpp(48): warning C4715: 'ReadFile::readFile' : not all control paths return a value
         Compiling...
         EnemyManager.cpp
     1>c:\users\joonas\documents\github\magic-dungeon-epidemic\mde\item.h(5): fatal error C1083: Cannot open include file: 'SDL.h': No such file or directory
         EnemyGen.cpp
     1>c:\users\joonas\documents\github\magic-dungeon-epidemic\mde\item.h(5): fatal error C1083: Cannot open include file: 'SDL.h': No such file or directory
         enemy.cpp
     1>c:\users\joonas\documents\github\magic-dungeon-epidemic\mde\item.h(5): fatal error C1083: Cannot open include file: 'SDL.h': No such file or directory
         Controls.cpp
     1>c:\users\joonas\documents\github\magic-dungeon-epidemic\mde\controls.h(5): fatal error C1083: Cannot open include file: 'SDL.h': No such file or directory
         EnemyFactory.cpp
     1>c:\users\joonas\documents\github\magic-dungeon-epidemic\mde\item.h(5): fatal error C1083: Cannot open include file: 'SDL.h': No such file or directory
         Character.cpp
     1>c:\users\joonas\documents\github\magic-dungeon-epidemic\mde\item.h(5): fatal error C1083: Cannot open include file: 'SDL.h': No such file or directory
         camera.cpp
     1>c:\users\joonas\documents\github\magic-dungeon-epidemic\mde\camera.h(5): fatal error C1083: Cannot open include file: 'SDL.h': No such file or directory
         BuildingManager.cpp
     1>c:\users\joonas\documents\github\magic-dungeon-epidemic\mde\texture.h(3): fatal error C1083: Cannot open include file: 'SDL.h': No such file or directory
         BuildingFactory.cpp
     1>c:\users\joonas\documents\github\magic-dungeon-epidemic\mde\texture.h(3): fatal error C1083: Cannot open include file: 'SDL.h': No such file or directory
         Building.cpp
     1>c:\users\joonas\documents\github\magic-dungeon-epidemic\mde\texture.h(3): fatal error C1083: Cannot open include file: 'SDL.h': No such file or directory
         BattleHandler.cpp
     1>c:\users\joonas\documents\github\magic-dungeon-epidemic\mde\item.h(5): fatal error C1083: Cannot open include file: 'SDL.h': No such file or directory
         Battle.cpp
     1>c:\users\joonas\documents\github\magic-dungeon-epidemic\mde\item.h(5): fatal error C1083: Cannot open include file: 'SDL.h': No such file or directory
         ArtificialIntelligence.cpp
     1>c:\users\joonas\documents\github\magic-dungeon-epidemic\mde\item.h(5): fatal error C1083: Cannot open include file: 'SDL.h': No such file or directory
         Generating Code...
     1>Done Building Project "C:\Users\Joonas\Documents\GitHub\Magic-Dungeon-Epidemic\MDE\MDE.vcxproj" (Build target(s)) -- FAILED.

Build FAILED.

Time Elapsed 00:00:11.89
