c:\users\dima\documents\github\rogue\mde\x64\debug\vc120.pdb
c:\users\dima\documents\github\rogue\mde\x64\debug\vc120.idb
c:\users\dima\documents\github\rogue\mde\x64\debug\enemy.obj
c:\users\dima\documents\github\rogue\mde\x64\debug\enemygen.obj
c:\users\dima\documents\github\rogue\mde\x64\debug\enemymanager.obj
c:\users\dima\documents\github\rogue\mde\x64\debug\goblin.obj
c:\users\dima\documents\github\rogue\mde\x64\debug\inventory.obj
c:\users\dima\documents\github\rogue\mde\x64\debug\item.obj
c:\users\dima\documents\github\rogue\mde\x64\debug\main.obj
c:\users\dima\documents\github\rogue\mde\x64\debug\manager.obj
c:\users\dima\documents\github\rogue\mde\x64\debug\map.obj
c:\users\dima\documents\github\rogue\mde\x64\debug\placeitemsandenemies.obj
c:\users\dima\documents\github\rogue\mde\x64\debug\player.obj
c:\users\dima\documents\github\rogue\mde\x64\debug\playermanager.obj
c:\users\dima\documents\github\rogue\mde\x64\debug\readfile.obj
c:\users\dima\documents\github\rogue\mde\x64\debug\readstring.obj
c:\users\dima\documents\github\rogue\mde\x64\debug\rng.obj
c:\users\dima\documents\github\rogue\mde\x64\debug\sound_play.obj
c:\users\dima\documents\github\rogue\mde\x64\debug\texttexture.obj
c:\users\dima\documents\github\rogue\mde\x64\debug\texture.obj
c:\users\dima\documents\github\rogue\mde\x64\debug\window.obj
c:\users\dima\documents\github\rogue\mde\x64\debug\writefile.obj
c:\users\dima\documents\github\rogue\mde\x64\debug\artificialintelligence.obj
c:\users\dima\documents\github\rogue\mde\x64\debug\battle.obj
c:\users\dima\documents\github\rogue\mde\x64\debug\battlehandler.obj
c:\users\dima\documents\github\rogue\mde\x64\debug\camera.obj
c:\users\dima\documents\github\rogue\mde\x64\debug\character.obj
c:\users\dima\documents\github\rogue\mde\x64\debug\enemyfactory.obj
c:\users\dima\documents\github\rogue\mde\x64\debug\controls.obj
c:\users\dima\documents\github\rogue\x64\debug\mde.ilk
c:\users\dima\documents\github\rogue\x64\debug\mde.exe
c:\users\dima\documents\github\rogue\x64\debug\mde.pdb
c:\users\dima\documents\github\rogue\mde\x64\debug\mde.tlog\cl.command.1.tlog
c:\users\dima\documents\github\rogue\mde\x64\debug\mde.tlog\cl.read.1.tlog
c:\users\dima\documents\github\rogue\mde\x64\debug\mde.tlog\cl.write.1.tlog
c:\users\dima\documents\github\rogue\mde\x64\debug\mde.tlog\link.command.1.tlog
c:\users\dima\documents\github\rogue\mde\x64\debug\mde.tlog\link.read.1.tlog
c:\users\dima\documents\github\rogue\mde\x64\debug\mde.tlog\link.write.1.tlog
