Build started 13.10.2014 11:52:05.
     1>Project "C:\Users\Joonas\Documents\GitHub\Magic-Dungeon-Epidemic\MDE\MDE.vcxproj" on node 2 (Build target(s)).
     1>ClCompile:
         C:\Program Files (x86)\Microsoft Visual Studio 12.0\VC\bin\x86_amd64\CL.exe /c /IC:\SDL2\include /Zi /nologo /W3 /WX- /sdl /Od /D _MBCS /Gm /EHsc /RTC1 /MDd /GS /fp:precise /Zc:wchar_t /Zc:forScope /Fo"x64\Debug\\" /Fd"x64\Debug\vc120.pdb" /Gd /TP /errorReport:prompt Controls.cpp
         Controls.cpp
     1>C:\Program Files (x86)\Windows Kits\8.1\Include\um\playsoundapi.h(82): warning C4005: 'SND_ASYNC' : macro redefinition
                 c:\users\joonas\documents\github\magic-dungeon-epidemic\mde\GlobalDef.h(22) : see previous definition of 'SND_ASYNC'
     1>C:\Program Files (x86)\Windows Kits\8.1\Include\um\playsoundapi.h(85): warning C4005: 'SND_LOOP' : macro redefinition
                 c:\users\joonas\documents\github\magic-dungeon-epidemic\mde\GlobalDef.h(21) : see previous definition of 'SND_LOOP'
     1>C:\Program Files (x86)\Windows Kits\8.1\Include\um\playsoundapi.h(91): warning C4005: 'SND_FILENAME' : macro redefinition
                 c:\users\joonas\documents\github\magic-dungeon-epidemic\mde\GlobalDef.h(20) : see previous definition of 'SND_FILENAME'
     1>c:\users\joonas\documents\github\magic-dungeon-epidemic\mde\GlobalDef.h(20): warning C4005: 'SND_FILENAME' : macro redefinition
                 C:\Program Files (x86)\Windows Kits\8.1\Include\um\playsoundapi.h(91) : see previous definition of 'SND_FILENAME'
     1>c:\users\joonas\documents\github\magic-dungeon-epidemic\mde\GlobalDef.h(21): warning C4005: 'SND_LOOP' : macro redefinition
                 C:\Program Files (x86)\Windows Kits\8.1\Include\um\playsoundapi.h(85) : see previous definition of 'SND_LOOP'
     1>c:\users\joonas\documents\github\magic-dungeon-epidemic\mde\GlobalDef.h(22): warning C4005: 'SND_ASYNC' : macro redefinition
                 C:\Program Files (x86)\Windows Kits\8.1\Include\um\playsoundapi.h(82) : see previous definition of 'SND_ASYNC'
       Link:
         C:\Program Files (x86)\Microsoft Visual Studio 12.0\VC\bin\x86_amd64\link.exe /ERRORREPORT:PROMPT /OUT:"C:\Users\Joonas\Documents\GitHub\Magic-Dungeon-Epidemic\x64\Debug\MDE.exe" /INCREMENTAL /NOLOGO /LIBPATH:C:\SDL2\lib\x64 SDL2.lib SDL2main.lib SDL2_image.lib SDL2_ttf.lib winmm.lib /MANIFEST /MANIFESTUAC:"level='asInvoker' uiAccess='false'" /manifest:embed /DEBUG /PDB:"C:\Users\Joonas\Documents\GitHub\Magic-Dungeon-Epidemic\x64\Debug\MDE.pdb" /SUBSYSTEM:CONSOLE /TLBID:1 /DYNAMICBASE /NXCOMPAT /IMPLIB:"C:\Users\Joonas\Documents\GitHub\Magic-Dungeon-Epidemic\x64\Debug\MDE.lib" /MACHINE:X64 x64\Debug\ActorManager.obj
         x64\Debug\ArtificialIntelligence.obj
         x64\Debug\Battle.obj
         x64\Debug\BattleHandler.obj
         x64\Debug\Building.obj
         x64\Debug\BuildingFactory.obj
         x64\Debug\camera.obj
         x64\Debug\Character.obj
         x64\Debug\EnemyFactory.obj
         x64\Debug\Controls.obj
         x64\Debug\enemy.obj
         x64\Debug\EnemyGen.obj
         x64\Debug\Goblin.obj
         x64\Debug\Inventory.obj
         x64\Debug\Item.obj
         x64\Debug\main.obj
         x64\Debug\Map.obj
         x64\Debug\PlaceItemsAndEnemies.obj
         x64\Debug\player.obj
         x64\Debug\ReadFile.obj
         x64\Debug\ReadString.obj
         x64\Debug\RNG.obj
         x64\Debug\sound_play.obj
         x64\Debug\StoneTower.obj
         x64\Debug\TextTexture.obj
         x64\Debug\Texture.obj
         x64\Debug\Window.obj
         x64\Debug\WriteFile.obj
         MDE.vcxproj -> C:\Users\Joonas\Documents\GitHub\Magic-Dungeon-Epidemic\x64\Debug\MDE.exe
     1>Done Building Project "C:\Users\Joonas\Documents\GitHub\Magic-Dungeon-Epidemic\MDE\MDE.vcxproj" (Build target(s)).

Build succeeded.

Time Elapsed 00:00:01.88
